TN:
SF:/Users/richardshyong/Developer/github/DigiFi/convertJSON2XML/lib/index.js
FN:9,jsonToXML
FNF:1
FNH:1
FNDA:11,jsonToXML
DA:9,1
DA:10,11
DA:11,11
DA:12,2
DA:13,2
DA:15,2
DA:17,9
DA:18,1
DA:19,8
DA:20,3
DA:22,5
DA:25,6
DA:26,4
DA:27,10
DA:28,10
DA:29,0
DA:30,10
DA:31,1
DA:32,7
DA:33,2
DA:35,5
DA:38,9
DA:39,3
DA:41,6
DA:43,10
DA:44,10
DA:47,2
DA:51,1
LF:28
LH:27
BRDA:11,1,0,2
BRDA:11,1,1,9
BRDA:11,2,0,11
BRDA:11,2,1,6
BRDA:17,3,0,1
BRDA:17,3,1,8
BRDA:17,4,0,9
BRDA:17,4,1,4
BRDA:17,4,2,3
BRDA:17,4,3,2
BRDA:19,5,0,3
BRDA:19,5,1,5
BRDA:25,6,0,4
BRDA:25,6,1,2
BRDA:25,7,0,6
BRDA:25,7,1,4
BRDA:25,7,2,4
BRDA:27,8,0,1
BRDA:27,8,1,9
BRDA:27,9,0,10
BRDA:27,9,1,5
BRDA:28,10,0,0
BRDA:28,10,1,10
BRDA:28,11,0,10
BRDA:28,11,1,4
BRDA:28,11,2,4
BRDA:28,11,3,2
BRDA:30,12,0,1
BRDA:30,12,1,9
BRDA:30,13,0,10
BRDA:30,13,1,2
BRDA:32,14,0,2
BRDA:32,14,1,5
BRDA:38,15,0,3
BRDA:38,15,1,6
BRDA:43,16,0,1
BRDA:43,16,1,9
BRDA:43,17,0,10
BRDA:43,17,1,5
BRF:39
BRH:38
end_of_record
